<?xml version="1.0" encoding="UTF-8"?>
<testng-results skipped="0" failed="0" ignored="0" total="2" passed="2">
  <reporter-output>
  </reporter-output>
  <suite name="Default suite" duration-ms="24269" started-at="2019-04-15T17:32:18Z" finished-at="2019-04-15T17:32:42Z">
    <groups>
    </groups>
    <test name="Default test" duration-ms="24269" started-at="2019-04-15T17:32:18Z" finished-at="2019-04-15T17:32:42Z">
      <class name="com.qa.testcase.ProfilePageTest">
        <test-method status="PASS" signature="setUp()[pri:0, instance:com.qa.testcase.ProfilePageTest@754ba872]" name="setUp" is-config="true" duration-ms="17547" started-at="2019-04-15T17:32:18Z" finished-at="2019-04-15T17:32:36Z">
          <reporter-output>
          </reporter-output>
        </test-method> <!-- setUp -->
        <test-method status="PASS" signature="userProfileValidateTest()[pri:1, instance:com.qa.testcase.ProfilePageTest@754ba872]" name="userProfileValidateTest" duration-ms="4022" started-at="2019-04-15T17:32:36Z" finished-at="2019-04-15T17:32:40Z">
          <reporter-output>
          </reporter-output>
        </test-method> <!-- userProfileValidateTest -->
        <test-method status="PASS" signature="profileTest()[pri:2, instance:com.qa.testcase.ProfilePageTest@754ba872]" name="profileTest" duration-ms="1892" started-at="2019-04-15T17:32:40Z" finished-at="2019-04-15T17:32:42Z">
          <reporter-output>
          </reporter-output>
        </test-method> <!-- profileTest -->
        <test-method status="PASS" signature="tearDown()[pri:0, instance:com.qa.testcase.ProfilePageTest@754ba872]" name="tearDown" is-config="true" duration-ms="718" started-at="2019-04-15T17:32:42Z" finished-at="2019-04-15T17:32:42Z">
          <reporter-output>
          </reporter-output>
        </test-method> <!-- tearDown -->
      </class> <!-- com.qa.testcase.ProfilePageTest -->
    </test> <!-- Default test -->
  </suite> <!-- Default suite -->
</testng-results>
