<?xml version="1.0" encoding="UTF-8"?>
<!-- Generated by org.testng.reporters.JUnitXMLReporter -->
<testsuite hostname="Rehan" ignored="0" name="Command line test" tests="4" failures="1" timestamp="01 May 2019 14:42:20 GMT" time="78.736" errors="0">
  <testcase name="currentEMDTest" time="13.31" classname="com.qa.testcase.CurrentEMDTest"/>
  <testcase name="bidHistoryTest" time="7.849" classname="com.qa.testcase.BidHistoryTest"/>
  <testcase name="postVerificationScreenTest" time="0.307" classname="com.qa.testcase.CurrentStatusScreenTest"/>
  <testcase name="loginPageTest" time="0.0" classname="com.qa.testcase.LoginPageTest">
    <failure type="org.testng.TestNGException" message="
Cannot inject @Test annotated Method [loginPageTest] with [class java.lang.String, class java.lang.String].
For more information on native dependency injection please refer to http://testng.org/doc/documentation-main.html#native-dependency-injection">
      <![CDATA[org.testng.TestNGException: 
Cannot inject @Test annotated Method [loginPageTest] with [class java.lang.String, class java.lang.String].
For more information on native dependency injection please refer to http://testng.org/doc/documentation-main.html#native-dependency-injection
at com.qa.testcase.TestRunner.main(TestRunner.java:17)
... Removed 21 stack frames]]>
    </failure>
  </testcase> <!-- loginPageTest -->
</testsuite> <!-- Command line test -->
