<?xml version="1.0" encoding="UTF-8"?>
<!-- Generated by org.testng.reporters.JUnitXMLReporter -->
<testsuite hostname="Rehan" ignored="0" name="Command line test" tests="4" failures="0" timestamp="20 Apr 2019 15:08:32 GMT" time="82.11" errors="0">
  <testcase name="loginPageTest" time="0.0" classname="com.qa.testcase.LoginPageTest"/>
  <testcase name="emdTest" time="13.916" classname="com.qa.testcase.CurrentEMDTest"/>
  <testcase name="bidHistoryTest" time="7.749" classname="com.qa.testcase.BidHistoryTest"/>
  <testcase name="postVerificationScreenTest" time="0.355" classname="com.qa.testcase.CurrentStatusScreenTest"/>
</testsuite> <!-- Command line test -->
