<?xml version="1.0" encoding="UTF-8"?>
<!-- Generated by org.testng.reporters.JUnitXMLReporter -->
<testsuite hostname="Welcome-PC" ignored="0" name="Default test" tests="3" failures="0" timestamp="17 Apr 2019 17:24:00 GMT" time="12.323" errors="0">
  <testcase name="loginPageTest" time="0.009" classname="com.qa.testcase.LoginPageTest"/>
  <testcase name="LoginTxTestFail" time="2.642" classname="com.qa.testcase.LoginPageTest"/>
  <testcase name="LoginTxTestPass" time="1.107" classname="com.qa.testcase.LoginPageTest"/>
</testsuite> <!-- Default test -->
